{"timestamp":"2025-06-21T22:25:06.147614","level":"INFO","logger":"__main__","message":"程序开始执行...","module":"main","function":"<module>","line":23}
{"timestamp":"2025-06-21T22:25:06.147614","level":"INFO","logger":"__main__","message":"程序开始执行...","module":"main","function":"<module>","line":23}
{"timestamp":"2025-06-21T22:25:06.148943","level":"INFO","logger":"__main__","message":"Python版本: 3.9.13 (tags/v3.9.13:6de2ca5, May 17 2022, 16:36:42) [MSC v.1929 64 bit (AMD64)]","module":"main","function":"<module>","line":24}
{"timestamp":"2025-06-21T22:25:06.148943","level":"INFO","logger":"__main__","message":"Python版本: 3.9.13 (tags/v3.9.13:6de2ca5, May 17 2022, 16:36:42) [MSC v.1929 64 bit (AMD64)]","module":"main","function":"<module>","line":24}
{"timestamp":"2025-06-21T22:25:06.148943","level":"INFO","logger":"__main__","message":"当前工作目录: F:\\Qsync\\00.AI_PROJECT\\图片分类模型训练\\C1\\src","module":"main","function":"<module>","line":25}
{"timestamp":"2025-06-21T22:25:06.148943","level":"INFO","logger":"__main__","message":"当前工作目录: F:\\Qsync\\00.AI_PROJECT\\图片分类模型训练\\C1\\src","module":"main","function":"<module>","line":25}
{"timestamp":"2025-06-21T22:25:06.186342","level":"INFO","logger":"__main__","message":"PyQt5模块已导入","module":"main","function":"<module>","line":28}
{"timestamp":"2025-06-21T22:25:06.186342","level":"INFO","logger":"__main__","message":"PyQt5模块已导入","module":"main","function":"<module>","line":28}
{"timestamp":"2025-06-21T22:25:13.762813","level":"INFO","logger":"__main__","message":"MainWindow已导入","module":"main","function":"<module>","line":31}
{"timestamp":"2025-06-21T22:25:13.762813","level":"INFO","logger":"__main__","message":"MainWindow已导入","module":"main","function":"<module>","line":31}
{"timestamp":"2025-06-21T22:25:13.763814","level":"INFO","logger":"__main__","message":"EvaluationTab已导入","module":"main","function":"<module>","line":33}
{"timestamp":"2025-06-21T22:25:13.763814","level":"INFO","logger":"__main__","message":"EvaluationTab已导入","module":"main","function":"<module>","line":33}
{"timestamp":"2025-06-21T22:25:13.766317","level":"INFO","logger":"__main__","message":"DataProcessor已导入","module":"main","function":"<module>","line":35}
{"timestamp":"2025-06-21T22:25:13.766317","level":"INFO","logger":"__main__","message":"DataProcessor已导入","module":"main","function":"<module>","line":35}
{"timestamp":"2025-06-21T22:25:13.957510","level":"INFO","logger":"__main__","message":"ModelTrainer已导入","module":"main","function":"<module>","line":37}
{"timestamp":"2025-06-21T22:25:13.957510","level":"INFO","logger":"__main__","message":"ModelTrainer已导入","module":"main","function":"<module>","line":37}
{"timestamp":"2025-06-21T22:25:13.968021","level":"INFO","logger":"__main__","message":"配置文件路径: f:\\Qsync\\00.AI_PROJECT\\图片分类模型训练\\C1\\config.json","module":"main","function":"main","line":86}
{"timestamp":"2025-06-21T22:25:13.968021","level":"INFO","logger":"__main__","message":"配置文件路径: f:\\Qsync\\00.AI_PROJECT\\图片分类模型训练\\C1\\config.json","module":"main","function":"main","line":86}
{"timestamp":"2025-06-21T22:25:13.969027","level":"INFO","logger":"__main__","message":"配置文件是否存在: True","module":"main","function":"main","line":87}
{"timestamp":"2025-06-21T22:25:13.969027","level":"INFO","logger":"__main__","message":"配置文件是否存在: True","module":"main","function":"main","line":87}
{"timestamp":"2025-06-21T22:25:15.037580","level":"INFO","logger":"src.data_processor","message":"数据处理器初始化完成","module":"data_processor","function":"__init__","line":26}
{"timestamp":"2025-06-21T22:25:15.037580","level":"INFO","logger":"src.data_processor","message":"数据处理器初始化完成","module":"data_processor","function":"__init__","line":26}
{"timestamp":"2025-06-21T22:25:15.038581","level":"INFO","logger":"src.predictor","message":"预测器初始化完成，使用设备: cpu","module":"predictor","function":"__init__","line":249}
{"timestamp":"2025-06-21T22:25:15.038581","level":"INFO","logger":"src.predictor","message":"预测器初始化完成，使用设备: cpu","module":"predictor","function":"__init__","line":249}
{"timestamp":"2025-06-21T22:25:15.047760","level":"INFO","logger":"src.annotation_tool","message":"标注工具初始化完成","module":"annotation_tool","function":"__init__","line":19}
{"timestamp":"2025-06-21T22:25:15.047760","level":"INFO","logger":"src.annotation_tool","message":"标注工具初始化完成","module":"annotation_tool","function":"__init__","line":19}
